Startfile from command line: run.in


       ***********************************************************
       *                    TeraChem v1.9-cpMonitor-dev          *
       *                 Hg Version: ccdev                       *
       *                   Development Version                   *
       *                Compiled without textures                *
       *           Chemistry at the Speed of Graphics!           *
       ***********************************************************
       * This program may only be used in connection with        *
       * a valid license from PetaChem, LLC. Use of this program *
       * or results thereof indicates acceptance of all terms    *
       * and conditions stated in the license and that a valid   *
       * license agreement between the user and PetaChem, LLC    *
       * exists. PetaChem, LLC does not warrant the correctness  *
       * of results or their suitability for any purpose.        *
       * Please email bugs, suggestions, and comments to         *
       *                  help@petachem.com                      *
       *                                                         *
       ***********************************************************


       ***********************************************************
       *  Compiled by leeping      Sun Aug  2 23:45:58 PDT 2020  *
       *  Supported architectures: sm_50 sm_60                   *
       *  Cuda compilation tools, release 8.0, V8.0.44           *
       ***********************************************************


 Job started   Thu Sep  3 06:15:55 2020
 On g7-32 (available memory: 126580 MB)

######################################### RUNTIME INFO ##########################################
terachem run.in 

NVRM version: NVIDIA UNIX x86_64 Kernel Module  450.51.06  Sun Jul 19 20:02:54 UTC 2020
GCC version:  gcc version 4.8.5 20150623 (Red Hat 4.8.5-39) (GCC) 

	linux-vdso.so.1 =>  (0x00007ffec5db7000)
	libOpenMM.so => /home/leeping/opt/terachem/current/lib/libOpenMM.so (0x00002ab2d3646000)
	libintbox.so.1 => /home/leeping/opt/terachem/current/lib/libintbox.so.1 (0x00002ab2d3b97000)
	libthcbox.so.1 => /home/leeping/opt/terachem/current/lib/libthcbox.so.1 (0x00002ab2e212d000)
	libgridbox.so.1 => /home/leeping/opt/terachem/current/lib/libgridbox.so.1 (0x00002ab2e3038000)
	libdftbox.so.1 => /home/leeping/opt/terachem/current/lib/libdftbox.so.1 (0x00002ab2e33f0000)
	libcuda.so.1 => /lib64/libcuda.so.1 (0x00002ab2e37f5000)
	libcudart.so.8.0 => /home/leeping/opt/terachem/current/lib/libcudart.so.8.0 (0x00002ab2e4ca8000)
	libcublas.so.8.0 => /home/leeping/opt/terachem/current/lib/libcublas.so.8.0 (0x00002ab2e4f0e000)
	libcufft.so.8.0 => /home/leeping/opt/terachem/current/lib/libcufft.so.8.0 (0x00002ab2e78be000)
	libcrypto.so.10 => /lib64/libcrypto.so.10 (0x00002ab2f070c000)
	libssl.so.10 => /lib64/libssl.so.10 (0x00002ab2f0b6f000)
	libm.so.6 => /lib64/libm.so.6 (0x00002ab2f0de1000)
	libcilkrts.so.5 => /home/leeping/opt/terachem/current/lib/libcilkrts.so.5 (0x00002ab2f10e3000)
	libstdc++.so.6 => /share/apps/gcc-7.3.0/c74/lib64/libstdc++.so.6 (0x00002ab2f1324000)
	libgcc_s.so.1 => /share/apps/gcc-7.3.0/c74/lib64/libgcc_s.so.1 (0x00002ab2f16a6000)
	libpthread.so.0 => /lib64/libpthread.so.0 (0x00002ab2f18bd000)
	libc.so.6 => /lib64/libc.so.6 (0x00002ab2f1ad9000)
	/lib64/ld-linux-x86-64.so.2 (0x00002ab2d3422000)
	libdl.so.2 => /lib64/libdl.so.2 (0x00002ab2f1ea7000)
	librt.so.1 => /lib64/librt.so.1 (0x00002ab2f20ab000)
	libz.so.1 => /lib64/libz.so.1 (0x00002ab2f22b3000)
	libgssapi_krb5.so.2 => /lib64/libgssapi_krb5.so.2 (0x00002ab2f24c9000)
	libkrb5.so.3 => /lib64/libkrb5.so.3 (0x00002ab2f2716000)
	libcom_err.so.2 => /lib64/libcom_err.so.2 (0x00002ab2f29ff000)
	libk5crypto.so.3 => /lib64/libk5crypto.so.3 (0x00002ab2f2c03000)
	libkrb5support.so.0 => /lib64/libkrb5support.so.0 (0x00002ab2f2e36000)
	libkeyutils.so.1 => /lib64/libkeyutils.so.1 (0x00002ab2f3046000)
	libresolv.so.2 => /lib64/libresolv.so.2 (0x00002ab2f324a000)
	libselinux.so.1 => /lib64/libselinux.so.1 (0x00002ab2f3464000)
	libpcre.so.1 => /lib64/libpcre.so.1 (0x00002ab2f368b000)
#################################################################################################

  _________________________________
 |         DFTD3 V3.0 Rev 2        |
 | S.Grimme, University Bonn       |
 |           Aug  2013             |
  _________________________________
 
 Please cite DFT-D3 work done with this code as:
 S. Grimme, J. Antony, S. Ehrlich and H. Krieg,
 J. Chem. Phys. 132 (2010), 154104
 If used with BJ-damping cite also
 S. Grimme, S. Ehrlich and L. Goerigk,
 J. Comput. Chem. 32 (2011), 1456-1465
 For DFT-D2 the reference is
 S. Grimme, J. Comput. Chem., 27 (2006), 1787-1799
 
Scratch directory: ./scr
Random number seed: 115249515

XYZ coordinates start.xyz
Molden File Output: ./scr/start.molden
Using basis set: 6-31gs_ldz
Orbitals will be written to ./scr/start.molden every 999999999 time step
Convergence threshold (energy change): 1.00e-07
Convergence threshold (gradient rms): 3.00e-05
Convergence threshold (gradient max): 4.50e-05
Convergence threshold (displacement rms): 1.20e-04
Convergence threshold (displacement max): 1.80e-04
Spin multiplicity: 1
DIIS will use up to 10 vectors.
WF convergence threshold: 1.00e-06
------------------ DIIS+A (DIIS with ADIIS backup) enabled. ------------------
The following steps will be taken if SCF does not converge within 100 cycles:
1) ADIIS activated until DIIS-error drops below auxiliary threshold = 1.0e-03
2) DIIS activated for 200 steps with original convergence threshold = 1.0e-06
3) Tighten ADIIS auxiliary threshold by 10x
Above steps will repeat until convergence or 10000 total steps is reached.
------------------------------------------------------------------------------
Incremental fock with rebuild every 8 iterations
Will switch to conventional Fock if diffuse functions are detected
X-matrix tolerance: 1.00e-04
PRECISION: DYNAMIC
DFT Functional requested: b3lyp
Method: B3LYP  with dispersion correction
  Hartree-Fock exact exchange:          0.20 
  Slater exchange functional:           0.80 
  Becke 1988 exchange functional:       0.72 
  Lee-Yang-Parr correlation functional: 0.81 
  VWN(I) correlation functional:        0.19 
Wavefunction: UNRESTRICTED
DFT grid type: 3
Using a single DFT grid.
Initial guess generated by maximum overlap

********************************************
******* RUNNING GEOMETRY OPTMIZATION *******
********************************************

Geometry optimization parameters:
Max number of optimization cycles: 1000
Convergence threshold (Max grad component): 4.50e-04
Convergence threshold (energy change): 1.00e-06
Maximum of RMSD change allowed between steps is 0.500000
using L-BFGS method
Optimization checkpoint file will be dumped every 10 cycles
Atomic displacement in finite-difference Hessian (Bohr) 0.003000
Each step will be scaled by 1.00
Maximum step size in internal coordinates 0.50
Minimization SCF guess will be regenerated every 10 steps
Job started from scratch
SCF:   Initial guess is taken from previous step
COSMO model for polarizable continuum model enabled
*************WARNING***************
Unrecognized or unnecessary keywords:
These are being ignored.
   thermotemp 298.15
***********************************

using 4 out of 4 CUDA devices
   Device 0:  GeForce GTX 1080 Ti, 11178MB, CC 6.1 -- CPU THREAD 0
   Device 1:  GeForce GTX 1080 Ti, 11178MB, CC 6.1 -- CPU THREAD 1
   Device 2:  GeForce GTX 1080 Ti, 11178MB, CC 6.1 -- CPU THREAD 2
   Device 3:  GeForce GTX 1080 Ti, 11178MB, CC 6.1 -- CPU THREAD 3
-------------------------------------------------------------------
Compiled with MAGMA support.  MAGMA parameters:
    Matrices larger than 5000 square will be treated with MAGMA
       (Change by setting the MagmaMinN environment variable)
    Magma will use 1 out of 4 GPUs
       (Change by setting the MagmaNGPUs environment variable)
-------------------------------------------------------------------
 CPU Memory Available: 16082.62 MegaWords 
 GPU Memory Available: 1141.31 MegaWords 
 Maximum recommended basis set size: 12200 basis functions
 (limited by GPU memory)
-------------------------------------------------------------------
Using d-functions. Configuring GPUs accordingly.
0: CUBLAS initialized, available GPU memory: 8297MB
1: CUBLAS initialized, available GPU memory: 8297MB
2: CUBLAS initialized, available GPU memory: 8297MB
3: CUBLAS initialized, available GPU memory: 8297MB

****** QM coordinates ******
C         1.9627758277         1.7101129149        -2.8399612407  
H         1.8676418124         2.6396154123        -2.2229271858  
O         1.7849976405         1.8513298267        -4.0739199114  
O         2.2339847365         0.6597421073        -2.2097914347  

Basis set:       6-31gs_ldz
Total atoms:     4
Total charge:    -1
Total electrons: 24 (12-alpha, 12-beta)
Number electrons modeled by ECPs: 0
Total orbitals:  47
Total AO shells: 20 (11 S-shells; 6 P-shells; 3 D-shells; 0 F-shells; 0 G-shells)
Spin multiplicity: 1
Nuclear repulsion energy (QM atoms): 62.533620168787 a.u.

-------------------------------------------------------
0 additional frames found in start.xyz
-------------------------------------------------------
-=#=-----------------------------------=#=-
-=#=-   Geometry Optimizer Started    -=#=-
-=#=-----------------------------------=#=-
-=#=- Covalent Radii:
-=#     1   C 0.76
-=#     2   H 0.31
-=#     3   O 0.66
-=#     4   O 0.66
-=#=- Using Translation Rotation Internal Coordinates (TRIC)
-=#=- Building Primitive Internal Coordinates -=#=- 
-=#=-  Internal Coordinate Summary   -=#=-
-=#     Total       : 10
-=#     Constraint  : 0
-=#     Distance    : 3
-=#     Angle       : 2
-=#     OutofPlane  : 1
-=#     Dihedral    : 0
-=#     Cartesian-X : 0
-=#     Cartesian-Y : 0
-=#     Cartesian-Z : 0
-=#     Translation-X : 1
-=#     Translation-Y : 1
-=#     Translation-Z : 1
-=#     Rotator     : 1
-=#  Finished Primitive Internal Coordinates
-=#  Generating Delocalized Coordinates...
-=#  Found 12 Delocalized Coordinates

Using WF guess from previous time step during MD.
-=#=-   Getting Energy and Gradient   -=#=-
-=#=-      (We'll Be Right Back)      -=#=-
DFTD Energy:    -0.0023694 hartree
Setting up the DFT grid...
time to set the grid = 0.01 s
DFT grid points: 49031 (12257 points/atom)
=COSMO= Number of H atoms in QM atoms:1
=COSMO= Number of Heavy atoms in QM atoms:3
=COSMO= size of A matrix:768800 bytes
=COSMO= Total surface area of cavity: 74.4924(Angstrom^2)
=COSMO= Total volume of cavity: 45.5699 (Angstrom^3)
=COSMO= ++++++++++++++++++++++++++++++ COSMO parameters ++++++++++++++++++++++++++++++
=COSMO= I. Cavity Information:
=COSMO= SAS(Solvent accesible surface) initialization finished
=COSMO= Time for initializing Molecular Surface:0.00304400 (sec)
=COSMO= Time for initializing cosmo calculation:0.01384200 (sec)
=COSMO= Cavity effective radius(Angstrom) (r_solv+r_vdw-dsc) was written into ./scr/ratom.txt
=COSMO= Solvent Dielectric Constant:80.100000
=COSMO= Cosmo Solvent radius:0.000000
=COSMO= Cosmo charge scaling method:0
=COSMO= Cavity built with Lebedev Grid
=COSMO= Grid points/QM Hydrogen: 110
=COSMO= Grid points/QM Heavy atom: 110
=COSMO= Herbert Switching-Gaussian method turned on
=COSMO= After removing points inside of SAS:
=COSMO= Total number of segments on molecular surface:310
=COSMO= Number of segments belonging to QM atoms:310
=COSMO= Total surface area of cavity: 74.4924(Angstrom^2)
=COSMO= Total volume of cavity: 45.5699 (Angstrom^3)
=COSMO= II. COSMO integral options:
=COSMO= Building COMSO c vector with original algorithm
=COSMO= COSMO one-electron integral threshold: 1e-12 
=COSMO= III. Linear solver options:
=COSMO= Initialize COSMO for A matrix in full storage form
=COSMO= CG precondtioner:Jacobi
=COSMO= Tight CG convergence threshold:1e-06
=COSMO= CG dynamic threshold: on
=COSMO= Adjust CG convergence threshold dynamically
=COSMO= IV. PCM field read/write options:
=COSMO= PCM field is not written to files
=COSMO= No PCM field file is read in
=COSMO= ++++++++++++++++++++++++++++++++++++++++++++++++++++++++++++++++++++++++++++++++
Nuclear Repulsion Energy = 62.5336201688

                      *** Start SCF Iterations ***

 Iter     DIIS Error       Energy change      Electrons        XC Energy           Energy              E_PCM      Time(s)
-------------------------------------------------------------------------------------------------------------------------
         >>> Purifying Palpha... IDMP = 6.66e-15 <<<
         >>> Purifying Pbeta ... IDMP = 6.66e-15 <<<
THRESPDP set to 1.00e+00
Rotate HOMO and LUMO by 45.000000 degrees
   1     0.3229414098    -188.5484201713    24.0000024389   -18.4413717487    -188.5484201713     -0.1064732774    0.27  
THRESPDP updated: 1.00e+00 -> 7.95e-01
   2     0.3233264115      -0.2214158088    24.0000022759   -19.0888761530    -188.7698359801     -0.1206972026    0.19  
   3     0.1371924630      -0.4272088691    24.0000020977   -18.9368364962    -189.1970448493     -0.1146395933    0.18  
   4     0.0641345021      -0.0809170498    24.0000023925   -18.7470991262    -189.2779618991     -0.1103854794    0.19  
   5     0.0237333609      -0.0088679660    24.0000021421   -18.8057054370    -189.2868298651     -0.1111835406    0.18  
   6     0.0069728297      -0.0022609267    24.0000023101   -18.8273816164    -189.2890907918     -0.1116054516    0.18  
   7     0.0010326275      -0.0002736660    24.0000022669   -18.8141520466    -189.2893644578     -0.1113343199    0.17  
   8     0.0002137440      -0.0000175391    24.0000020840   -18.8152136690    -189.2893819969     -0.1113611683    0.18  
THRESPDP updated: 7.95e-01 -> 1.55e-04
   9     0.0000291721      -0.0000024578    24.0000022473   -18.8151796960    -189.2893844547     -0.1113615815    0.19  
  10     0.0000042292      +0.0000004030    24.0000022473   -18.8151694821    -189.2893840517     -0.1113600753    0.18  
  11     0.0000019490      -0.0000000130    24.0000022473   -18.8151734901    -189.2893840648     -0.1113602897    0.20  
  12     0.0000008845      +0.0000000132    24.0000022473   -18.8151736789    -189.2893840516     -0.1113602739    0.18  
-------------------------------------------------------------------------------------------------------------------------
FINAL ENERGY: -189.2893840516 a.u.
DFTD Dispersion Correction: -0.0023694397 a.u.
C-PCM contribution to final energy:-0.1113602739 a.u. ( already included in final energy )
Computing C-PCM contribution to gradient...
CENTER OF MASS: {1.993856, 1.407762, -3.040765} ANGS
DIPOLE MOMENT: {-0.122422, 1.190865, 0.791097} (|D| = 1.434915) DEBYE
SPIN SZ:         0.000000
SPIN S-SQUARED: 0.000000 (exact: 0.00)
GPU Memory: 8197 Mb
GPU Memory: 8197 Mb
GPU Memory: 8197 Mb
GPU Memory: 8197 Mb
GPU Memory: 8197 Mb
GPU Memory: 8197 Mb
GPU Memory: 8197 Mb
GPU Memory: 8197 Mb
-=#=-    Now Returning to Optimizer   -=#=-
-=#=-       End of Initialization     -=#=-

Running Mulliken population analysis...

-=#=-  Checking Convergence Criteria  -=#=-
-=#@    Cycle       Energy          Delta-E   Gradient-RMS   Gradient-Max   Displace-RMS   Displace-Max
-=#@                       Crit:  1.000e-07      3.000e-05      4.500e-05      1.200e-04      1.800e-04 
-=#@  ---------------------------------------------------------------------------------------------------
-=#@      0    -189.2893840516        -     -    6.005e-03 N    5.983e-03 N        -     -        -     -
-=#=-----------------------------------=#=-
-=#=-      Optimization Cycle     1   -=#=-
-=#=-----------------------------------=#=-
-=#  Finding Optimization Step, Current Trust Radius: 1.0000e-01
-=#  Cartesian Step Size: 9.9352e-03, Expected Delta-E: -1.6700e-04
-=#=-   Getting Energy and Gradient   -=#=-
-=#=-      (We'll Be Right Back)      -=#=-
DFTD Energy:    -0.0023679 hartree
Setting up the DFT grid...
time to set the grid = 0.01 s
DFT grid points: 49033 (12258 points/atom)
=COSMO= Number of H atoms in QM atoms:1
=COSMO= Number of Heavy atoms in QM atoms:3
=COSMO= size of A matrix:773768 bytes
=COSMO= Total surface area of cavity: 74.6001(Angstrom^2)
=COSMO= Total volume of cavity: 45.6103 (Angstrom^3)
Nuclear Repulsion Energy = 62.2831392454

                      *** Start SCF Iterations ***

 Iter     DIIS Error       Energy change      Electrons        XC Energy           Energy              E_PCM      Time(s)
-------------------------------------------------------------------------------------------------------------------------
         >>> Purifying Palpha... IDMP = 1.19e-02 <<<
         >>> Purifying Palpha... IDMP = 1.63e-04 <<<
         >>> Purifying Palpha... IDMP = 3.35e-08 <<<
         >>> Purifying Palpha... IDMP = 5.77e-15 <<<
         >>> Purifying Pbeta ... IDMP = 1.19e-02 <<<
         >>> Purifying Pbeta ... IDMP = 1.63e-04 <<<
         >>> Purifying Pbeta ... IDMP = 3.35e-08 <<<
         >>> Purifying Pbeta ... IDMP = 5.55e-15 <<<
THRESPDP set to 1.55e-04
Rotate HOMO and LUMO by 45.000000 degrees
   1     0.0075802467    -189.2857555551    24.0000020205   -18.8092043750    -189.2857555551     -0.1074723437    0.21  
   2     0.0471035658      +0.1185628010    24.0000022650   -18.7588875875    -189.1671927540     -0.1088428605    0.19  
   3     0.0078782113      -0.1215346119    24.0000020101   -18.7971866228    -189.2887273659     -0.1092509690    0.19  
   4     0.0044537752      -0.0005537985    24.0000020085   -18.8085313091    -189.2892811644     -0.1100550362    0.19  
   5     0.0026187272      -0.0001100614    24.0000020150   -18.8057720055    -189.2893912258     -0.1102369746    0.20  
   6     0.0009542072      -0.0000667406    24.0000020173   -18.8064942893    -189.2894579663     -0.1105622153    0.19  
   7     0.0002712909      -0.0000142513    24.0000020191   -18.8078519073    -189.2894722176     -0.1107564487    0.20  
   8     0.0000191384      -0.0000008713    24.0000020197   -18.8077400647    -189.2894730889     -0.1108109344    0.19  
   9     0.0000056598      +0.0000000812    24.0000020197   -18.8077907618    -189.2894730077     -0.1108127977    0.20  
  10     0.0000012398      -0.0000000136    24.0000020196   -18.8077823148    -189.2894730213     -0.1108132414    0.19  
  11     0.0000002102      -0.0000000045    24.0000020196   -18.8077829043    -189.2894730258     -0.1108132019    0.18  
-------------------------------------------------------------------------------------------------------------------------
FINAL ENERGY: -189.2894730258 a.u.
DFTD Dispersion Correction: -0.0023678743 a.u.
C-PCM contribution to final energy:-0.1108132019 a.u. ( already included in final energy )
Computing C-PCM contribution to gradient...
CENTER OF MASS: {1.994354, 1.407097, -3.038858} ANGS
DIPOLE MOMENT: {-0.113438, 1.105407, 0.742180} (|D| = 1.336272) DEBYE
SPIN SZ:         0.000000
SPIN S-SQUARED: 0.000000 (exact: 0.00)
GPU Memory: 8197 Mb
GPU Memory: 8197 Mb
GPU Memory: 8197 Mb
GPU Memory: 8197 Mb
GPU Memory: 8197 Mb
GPU Memory: 8197 Mb
GPU Memory: 8197 Mb
GPU Memory: 8197 Mb
-=#=-    Now Returning to Optimizer   -=#=-

Running Mulliken population analysis...

-=#=-  Checking Convergence Criteria  -=#=-
-=#     Cycle       Energy          Delta-E   Gradient-RMS   Gradient-Max   Displace-RMS   Displace-Max
-=#                        Crit:  1.000e-07      3.000e-05      4.500e-05      1.200e-04      1.800e-04 
-=#   ---------------------------------------------------------------------------------------------------
-=#@      1    -189.2894730258   -8.897e-05 N    2.405e-03 N    2.815e-03 N    9.935e-03 N    1.137e-02 N
-=#  Adjusting Trust Radius
-=#  Step Quality:   0.5328 (Okay)
-=#  Keeping trust radius at 1.0000e-01
-=#  Updating Hessian with BFGS
-=#  Hessian Eigenvalues:  8.9356e-01  8.1038e-01  4.7858e-01 ...  5.0000e-02  4.9982e-02  4.5000e-02
-=#=-----------------------------------=#=-
-=#=-      Optimization Cycle     2   -=#=-
-=#=-----------------------------------=#=-
-=#  Finding Optimization Step, Current Trust Radius: 1.0000e-01
-=#  Cartesian Step Size: 1.0431e-02, Expected Delta-E: -8.0221e-05
-=#=-   Getting Energy and Gradient   -=#=-
-=#=-      (We'll Be Right Back)      -=#=-
DFTD Energy:    -0.0023679 hartree
Setting up the DFT grid...
time to set the grid = 0.01 s
DFT grid points: 49035 (12258 points/atom)
=COSMO= Number of H atoms in QM atoms:1
=COSMO= Number of Heavy atoms in QM atoms:3
=COSMO= size of A matrix:773768 bytes
=COSMO= Total surface area of cavity: 74.6643(Angstrom^2)
=COSMO= Total volume of cavity: 45.6364 (Angstrom^3)
Nuclear Repulsion Energy = 62.2733264045

                      *** Start SCF Iterations ***

 Iter     DIIS Error       Energy change      Electrons        XC Energy           Energy              E_PCM      Time(s)
-------------------------------------------------------------------------------------------------------------------------
         >>> Purifying Palpha... IDMP = 8.99e-03 <<<
         >>> Purifying Palpha... IDMP = 9.31e-05 <<<
         >>> Purifying Palpha... IDMP = 1.37e-08 <<<
         >>> Purifying Palpha... IDMP = 1.44e-15 <<<
         >>> Purifying Pbeta ... IDMP = 8.99e-03 <<<
         >>> Purifying Pbeta ... IDMP = 9.31e-05 <<<
         >>> Purifying Pbeta ... IDMP = 1.37e-08 <<<
         >>> Purifying Pbeta ... IDMP = 1.67e-15 <<<
THRESPDP set to 1.55e-04
Rotate HOMO and LUMO by 45.000000 degrees
   1     0.0070774198    -189.2859437481    24.0000018737   -18.8063412726    -189.2859437481     -0.1074148996    0.21  
   2     0.0771221007      +0.1169175560    24.0000020617   -18.7548241299    -189.1690261921     -0.1080419615    0.20  
   3     0.0078172236      -0.1197590498    24.0000018647   -18.7965607083    -189.2887852419     -0.1093109421    0.20  
   4     0.0032973552      -0.0005181845    24.0000018725   -18.8054483850    -189.2893034264     -0.1100685237    0.21  
   5     0.0029081446      -0.0000882548    24.0000018721   -18.8037588778    -189.2893916813     -0.1102319643    0.20  
   6     0.0012900690      -0.0000772518    24.0000018755   -18.8044297388    -189.2894689331     -0.1105393245    0.20  
   7     0.0003596902      -0.0000276116    24.0000018775   -18.8060179457    -189.2894965448     -0.1108178373    0.20  
   8     0.0000215050      -0.0000015074    24.0000018783   -18.8059697665    -189.2894980521     -0.1108919886    0.20  
   9     0.0000066644      +0.0000001049    24.0000018783   -18.8060142781    -189.2894979472     -0.1108979751    0.22  
  10     0.0000013445      +0.0000000033    24.0000018783   -18.8060087927    -189.2894979439     -0.1108984736    0.20  
  11     0.0000002567      -0.0000000068    24.0000018785   -18.8060097522    -189.2894979507     -0.1108983765    0.20  
-------------------------------------------------------------------------------------------------------------------------
FINAL ENERGY: -189.2894979507 a.u.
DFTD Dispersion Correction: -0.0023678897 a.u.
C-PCM contribution to final energy:-0.1108983765 a.u. ( already included in final energy )
Computing C-PCM contribution to gradient...
CENTER OF MASS: {1.994000, 1.407002, -3.043090} ANGS
DIPOLE MOMENT: {-0.116113, 1.123368, 0.743770} (|D| = 1.352269) DEBYE
SPIN SZ:         0.000000
SPIN S-SQUARED: 0.000000 (exact: 0.00)
GPU Memory: 8197 Mb
GPU Memory: 8197 Mb
GPU Memory: 8197 Mb
GPU Memory: 8197 Mb
GPU Memory: 8197 Mb
GPU Memory: 8197 Mb
GPU Memory: 8197 Mb
GPU Memory: 8197 Mb
-=#=-    Now Returning to Optimizer   -=#=-

Running Mulliken population analysis...

-=#=-  Checking Convergence Criteria  -=#=-
-=#     Cycle       Energy          Delta-E   Gradient-RMS   Gradient-Max   Displace-RMS   Displace-Max
-=#                        Crit:  1.000e-07      3.000e-05      4.500e-05      1.200e-04      1.800e-04 
-=#   ---------------------------------------------------------------------------------------------------
-=#@      2    -189.2894979507   -2.492e-05 N    2.033e-03 N    2.974e-03 N    1.043e-02 N    1.438e-02 N
-=#  Adjusting Trust Radius
-=#  Step Quality:   0.3107 (Okay)
-=#  Keeping trust radius at 1.0000e-01
-=#  Updating Hessian with BFGS
-=#  Hessian Eigenvalues:  8.6162e-01  8.1566e-01  5.8800e-01 ...  5.0000e-02  4.9961e-02  4.5020e-02
-=#=-----------------------------------=#=-
-=#=-      Optimization Cycle     3   -=#=-
-=#=-----------------------------------=#=-
-=#  Finding Optimization Step, Current Trust Radius: 1.0000e-01
-=#  Cartesian Step Size: 4.8711e-03, Expected Delta-E: -3.1324e-05
-=#=-   Getting Energy and Gradient   -=#=-
-=#=-      (We'll Be Right Back)      -=#=-
DFTD Energy:    -0.0023683 hartree
Setting up the DFT grid...
time to set the grid = 0.01 s
DFT grid points: 49031 (12257 points/atom)
=COSMO= Number of H atoms in QM atoms:1
=COSMO= Number of Heavy atoms in QM atoms:3
=COSMO= size of A matrix:773768 bytes
=COSMO= Total surface area of cavity: 74.6109(Angstrom^2)
=COSMO= Total volume of cavity: 45.6107 (Angstrom^3)
Nuclear Repulsion Energy = 62.3469448132

                      *** Start SCF Iterations ***

 Iter     DIIS Error       Energy change      Electrons        XC Energy           Energy              E_PCM      Time(s)
-------------------------------------------------------------------------------------------------------------------------
         >>> Purifying Palpha... IDMP = 4.03e-03 <<<
         >>> Purifying Palpha... IDMP = 2.05e-05 <<<
         >>> Purifying Palpha... IDMP = 6.05e-10 <<<
         >>> Purifying Palpha... IDMP = 4.44e-16 <<<
         >>> Purifying Pbeta ... IDMP = 4.03e-03 <<<
         >>> Purifying Pbeta ... IDMP = 2.05e-05 <<<
         >>> Purifying Pbeta ... IDMP = 6.05e-10 <<<
         >>> Purifying Pbeta ... IDMP = 4.44e-16 <<<
THRESPDP set to 1.55e-04
Rotate HOMO and LUMO by 45.000000 degrees
   1     0.0079141505    -189.2860352905    24.0000020616   -18.8079727694    -189.2860352905     -0.1074639051    0.20  
   2     0.0519417035      +0.1152021542    24.0000023046   -18.7549229477    -189.1708331363     -0.1072415904    0.20  
   3     0.0076561589      -0.1180170856    24.0000020464   -18.8002668397    -189.2888502219     -0.1093851638    0.19  
   4     0.0037452201      -0.0004942366    24.0000020496   -18.8069332578    -189.2893444585     -0.1100982225    0.19  
   5     0.0029454631      -0.0000750358    24.0000020532   -18.8062151123    -189.2894194943     -0.1102768772    0.19  
   6     0.0021097120      -0.0000490030    24.0000020542   -18.8066929879    -189.2894684973     -0.1104459972    0.19  
   7     0.0010055810      -0.0000464795    24.0000020567   -18.8078958637    -189.2895149767     -0.1107176379    0.18  
   8     0.0001013023      -0.0000120417    24.0000020583   -18.8083298165    -189.2895270185     -0.1109248474    0.19  
   9     0.0000068421      +0.0000001241    24.0000020585   -18.8084285355    -189.2895268944     -0.1109482060    0.19  
  10     0.0000015738      +0.0000000124    24.0000020586   -18.8084279383    -189.2895268820     -0.1109502466    0.19  
  11     0.0000003477      -0.0000000017    24.0000020585   -18.8084296588    -189.2895268837     -0.1109502686    0.18  
-------------------------------------------------------------------------------------------------------------------------
FINAL ENERGY: -189.2895268837 a.u.
DFTD Dispersion Correction: -0.0023682791 a.u.
C-PCM contribution to final energy:-0.1109502686 a.u. ( already included in final energy )
Computing C-PCM contribution to gradient...
CENTER OF MASS: {1.994372, 1.406538, -3.041249} ANGS
DIPOLE MOMENT: {-0.119816, 1.127382, 0.748968} (|D| = 1.358786) DEBYE
SPIN SZ:         0.000000
SPIN S-SQUARED: 0.000000 (exact: 0.00)
GPU Memory: 8197 Mb
GPU Memory: 8197 Mb
GPU Memory: 8197 Mb
GPU Memory: 8197 Mb
GPU Memory: 8197 Mb
GPU Memory: 8197 Mb
GPU Memory: 8197 Mb
GPU Memory: 8197 Mb
-=#=-    Now Returning to Optimizer   -=#=-

Running Mulliken population analysis...

-=#=-  Checking Convergence Criteria  -=#=-
-=#     Cycle       Energy          Delta-E   Gradient-RMS   Gradient-Max   Displace-RMS   Displace-Max
-=#                        Crit:  1.000e-07      3.000e-05      4.500e-05      1.200e-04      1.800e-04 
-=#   ---------------------------------------------------------------------------------------------------
-=#@      3    -189.2895268837   -2.893e-05 N    3.976e-04 N    4.578e-04 N    4.871e-03 N    6.572e-03 N
-=#  Adjusting Trust Radius
-=#  Step Quality:   0.9237 (Good)
-=#  Increasing trust radius 1.0000e-01 -> 1.4142e-01
-=#  Updating Hessian with BFGS
-=#  Hessian Eigenvalues:  8.5280e-01  8.2275e-01  5.4309e-01 ...  5.0000e-02  4.9927e-02  4.5733e-02
-=#=-----------------------------------=#=-
-=#=-      Optimization Cycle     4   -=#=-
-=#=-----------------------------------=#=-
-=#  Finding Optimization Step, Current Trust Radius: 1.4142e-01
-=#  Cartesian Step Size: 3.0145e-03, Expected Delta-E: -3.2897e-06
-=#=-   Getting Energy and Gradient   -=#=-
-=#=-      (We'll Be Right Back)      -=#=-
DFTD Energy:    -0.0023683 hartree
Setting up the DFT grid...
time to set the grid = 0.01 s
DFT grid points: 49033 (12258 points/atom)
=COSMO= Number of H atoms in QM atoms:1
=COSMO= Number of Heavy atoms in QM atoms:3
=COSMO= size of A matrix:773768 bytes
=COSMO= Total surface area of cavity: 74.6032(Angstrom^2)
=COSMO= Total volume of cavity: 45.6063 (Angstrom^3)
Nuclear Repulsion Energy = 62.3452908396

                      *** Start SCF Iterations ***

 Iter     DIIS Error       Energy change      Electrons        XC Energy           Energy              E_PCM      Time(s)
-------------------------------------------------------------------------------------------------------------------------
         >>> Purifying Palpha... IDMP = 1.91e-03 <<<
         >>> Purifying Palpha... IDMP = 6.36e-06 <<<
         >>> Purifying Palpha... IDMP = 7.68e-11 <<<
         >>> Purifying Palpha... IDMP = 5.55e-16 <<<
         >>> Purifying Pbeta ... IDMP = 1.91e-03 <<<
         >>> Purifying Pbeta ... IDMP = 6.36e-06 <<<
         >>> Purifying Pbeta ... IDMP = 7.68e-11 <<<
         >>> Purifying Pbeta ... IDMP = 4.44e-16 <<<
THRESPDP set to 1.55e-04
Rotate HOMO and LUMO by 45.000000 degrees
   1     0.0077352289    -189.2860113318    24.0000020040   -18.8084916010    -189.2860113318     -0.1074604308    0.22  
   2     0.0649657395      +0.1148549131    24.0000021677   -18.7543709567    -189.1711564187     -0.1071083262    0.20  
   3     0.0078013101      -0.1176850855    24.0000019919   -18.8000404712    -189.2888415041     -0.1093642926    0.20  
   4     0.0038498947      -0.0004992155    24.0000019968   -18.8068985797    -189.2893407196     -0.1100831373    0.20  
   5     0.0026095247      -0.0000859586    24.0000020002   -18.8061866977    -189.2894266783     -0.1103102475    0.20  
   6     0.0015744282      -0.0000562286    24.0000020016   -18.8073046204    -189.2894829069     -0.1105533233    0.21  
   7     0.0007133670      -0.0000257330    24.0000020039   -18.8081853503    -189.2895086399     -0.1107606020    0.21  
   8     0.0000466798      -0.0000060509    24.0000020053   -18.8084431209    -189.2895146908     -0.1109105608    0.20  
   9     0.0000066181      +0.0000001467    24.0000020053   -18.8084967900    -189.2895145441     -0.1109226651    0.21  
  10     0.0000012730      -0.0000000026    24.0000020054   -18.8084929562    -189.2895145467     -0.1109232137    0.20  
  11     0.0000002908      +0.0000000021    24.0000020055   -18.8084946997    -189.2895145446     -0.1109232197    0.20  
-------------------------------------------------------------------------------------------------------------------------
FINAL ENERGY: -189.2895145446 a.u.
DFTD Dispersion Correction: -0.0023682566 a.u.
C-PCM contribution to final energy:-0.1109232197 a.u. ( already included in final energy )
Computing C-PCM contribution to gradient...
CENTER OF MASS: {1.994631, 1.406678, -3.040965} ANGS
DIPOLE MOMENT: {-0.104404, 1.125722, 0.744120} (|D| = 1.353464) DEBYE
SPIN SZ:         0.000000
SPIN S-SQUARED: 0.000000 (exact: 0.00)
GPU Memory: 8197 Mb
GPU Memory: 8197 Mb
GPU Memory: 8197 Mb
GPU Memory: 8197 Mb
GPU Memory: 8197 Mb
GPU Memory: 8197 Mb
GPU Memory: 8197 Mb
GPU Memory: 8197 Mb
-=#=-    Now Returning to Optimizer   -=#=-

Running Mulliken population analysis...

-=#=-  Checking Convergence Criteria  -=#=-
-=#     Cycle       Energy          Delta-E   Gradient-RMS   Gradient-Max   Displace-RMS   Displace-Max
-=#                        Crit:  1.000e-07      3.000e-05      4.500e-05      1.200e-04      1.800e-04 
-=#   ---------------------------------------------------------------------------------------------------
-=#@      4    -189.2895145446    1.234e-05 N    1.399e-03 N    2.364e-03 N    3.015e-03 N    5.112e-03 N
-=#  Adjusting Trust Radius
-=#  Step Quality:  -3.7508 (Reject)
-=#  Decreasing trust radius 1.4142e-01 -> 1.5073e-03
-=#  Updating Hessian with BFGS
-=#  Hessian Eigenvalues:  8.5393e-01  8.1702e-01  5.4394e-01 ...  5.0000e-02  5.0000e-02  4.9449e-02
-=#=-----------------------------------=#=-
-=#=-      Optimization Cycle     5   -=#=-
-=#=-----------------------------------=#=-
-=#  Finding Optimization Step, Current Trust Radius: 1.5073e-03
-=#      FuncStepSize_InterRadius targeting InterRadius 9.259e-03
-=#      FuncStepSize_InterRadius targeting InterRadius 5.423e-03
-=#!     FuncStepSize_InterRadius: storing best step so far under trust radius
-=#      FuncStepSize_InterRadius targeting InterRadius 5.423e-03
-=#  Cartesian Step Size: 1.5313e-03, Expected Delta-E: -1.1297e-05
-=#=-   Getting Energy and Gradient   -=#=-
-=#=-      (We'll Be Right Back)      -=#=-
DFTD Energy:    -0.0023682 hartree
Setting up the DFT grid...
time to set the grid = 0.01 s
DFT grid points: 49033 (12258 points/atom)
=COSMO= Number of H atoms in QM atoms:1
=COSMO= Number of Heavy atoms in QM atoms:3
=COSMO= size of A matrix:773768 bytes
=COSMO= Total surface area of cavity: 74.6088(Angstrom^2)
=COSMO= Total volume of cavity: 45.6092 (Angstrom^3)
Nuclear Repulsion Energy = 62.3408939799

                      *** Start SCF Iterations ***

 Iter     DIIS Error       Energy change      Electrons        XC Energy           Energy              E_PCM      Time(s)
-------------------------------------------------------------------------------------------------------------------------
         >>> Purifying Palpha... IDMP = 9.75e-04 <<<
         >>> Purifying Palpha... IDMP = 1.51e-06 <<<
         >>> Purifying Palpha... IDMP = 4.63e-12 <<<
         >>> Purifying Palpha... IDMP = 3.33e-16 <<<
         >>> Purifying Pbeta ... IDMP = 9.75e-04 <<<
         >>> Purifying Pbeta ... IDMP = 1.51e-06 <<<
         >>> Purifying Pbeta ... IDMP = 7.77e-16 <<<
THRESPDP set to 1.55e-04
Rotate HOMO and LUMO by 45.000000 degrees
   1     0.0079494533    -189.2860478738    24.0000020199   -18.8083669756    -189.2860478738     -0.1074541950    0.21  
   2     0.0552215106      +0.1148599300    24.0000022792   -18.7541662770    -189.1711879439     -0.1071029814    0.19  
   3     0.0075341977      -0.1176632394    24.0000020068   -18.7997620412    -189.2888511832     -0.1093628589    0.20  
   4     0.0038492065      -0.0004945942    24.0000020111   -18.8065853421    -189.2893457774     -0.1100686384    0.20  
   5     0.0027277657      -0.0000823382    24.0000020138   -18.8059851811    -189.2894281156     -0.1102782427    0.19  
   6     0.0018520000      -0.0000538284    24.0000020152   -18.8069864694    -189.2894819440     -0.1104883748    0.19  
   7     0.0011327055      -0.0000279295    24.0000020172   -18.8075826327    -189.2895098735     -0.1106578578    0.19  
   8     0.0001749723      -0.0000157522    24.0000020191   -18.8081881488    -189.2895256257     -0.1108813722    0.19  
   9     0.0000094426      -0.0000002138    24.0000020194   -18.8083330819    -189.2895258394     -0.1109215503    0.19  
  10     0.0000015003      +0.0000000660    24.0000020194   -18.8083367788    -189.2895257734     -0.1109239826    0.19  
  11     0.0000003671      -0.0000000025    24.0000020193   -18.8083388063    -189.2895257759     -0.1109242254    0.19  
-------------------------------------------------------------------------------------------------------------------------
FINAL ENERGY: -189.2895257759 a.u.
DFTD Dispersion Correction: -0.0023682340 a.u.
C-PCM contribution to final energy:-0.1109242254 a.u. ( already included in final energy )
Computing C-PCM contribution to gradient...
CENTER OF MASS: {1.994577, 1.406676, -3.041106} ANGS
DIPOLE MOMENT: {-0.112344, 1.124658, 0.745255} (|D| = 1.353840) DEBYE
SPIN SZ:         0.000000
SPIN S-SQUARED: 0.000000 (exact: 0.00)
GPU Memory: 8197 Mb
GPU Memory: 8197 Mb
GPU Memory: 8197 Mb
GPU Memory: 8197 Mb
GPU Memory: 8197 Mb
GPU Memory: 8197 Mb
GPU Memory: 8197 Mb
GPU Memory: 8197 Mb
-=#=-    Now Returning to Optimizer   -=#=-

Running Mulliken population analysis...

-=#=-  Checking Convergence Criteria  -=#=-
-=#     Cycle       Energy          Delta-E   Gradient-RMS   Gradient-Max   Displace-RMS   Displace-Max
-=#                        Crit:  1.000e-07      3.000e-05      4.500e-05      1.200e-04      1.800e-04 
-=#   ---------------------------------------------------------------------------------------------------
-=#@      5    -189.2895257759   -1.123e-05 N    5.608e-04 N    9.485e-04 N    1.531e-03 N    2.586e-03 N
-=#  Adjusting Trust Radius
-=#  Step Quality:   0.9942 (Good)
-=#  Increasing trust radius 1.5073e-03 -> 2.1316e-03
-=#  Updating Hessian with BFGS
-=#  Hessian Eigenvalues:  8.5404e-01  8.1832e-01  5.4000e-01 ...  5.0000e-02  5.0000e-02  4.9428e-02
-=#=-----------------------------------=#=-
-=#=-      Optimization Cycle     6   -=#=-
-=#=-----------------------------------=#=-
-=#  Finding Optimization Step, Current Trust Radius: 2.1316e-03
-=#  Cartesian Step Size: 1.0035e-03, Expected Delta-E: -2.1464e-06
-=#=-   Getting Energy and Gradient   -=#=-
-=#=-      (We'll Be Right Back)      -=#=-
DFTD Energy:    -0.0023682 hartree
Setting up the DFT grid...
time to set the grid = 0.00 s
DFT grid points: 49033 (12258 points/atom)
=COSMO= Number of H atoms in QM atoms:1
=COSMO= Number of Heavy atoms in QM atoms:3
=COSMO= size of A matrix:773768 bytes
=COSMO= Total surface area of cavity: 74.6106(Angstrom^2)
=COSMO= Total volume of cavity: 45.6099 (Angstrom^3)
Nuclear Repulsion Energy = 62.3401362365

                      *** Start SCF Iterations ***

 Iter     DIIS Error       Energy change      Electrons        XC Energy           Energy              E_PCM      Time(s)
-------------------------------------------------------------------------------------------------------------------------
         >>> Purifying Palpha... IDMP = 6.88e-04 <<<
         >>> Purifying Palpha... IDMP = 7.97e-07 <<<
         >>> Purifying Palpha... IDMP = 1.34e-12 <<<
         >>> Purifying Palpha... IDMP = 2.22e-16 <<<
         >>> Purifying Pbeta ... IDMP = 6.88e-04 <<<
         >>> Purifying Pbeta ... IDMP = 7.97e-07 <<<
         >>> Purifying Pbeta ... IDMP = 1.34e-12 <<<
         >>> Purifying Pbeta ... IDMP = 4.44e-16 <<<
THRESPDP set to 1.55e-04
Rotate HOMO and LUMO by 45.000000 degrees
   1     0.0078318140    -189.2860531623    24.0000020321   -18.8082951048    -189.2860531623     -0.1074538393    0.21  
   2     0.0653425367      +0.1148572206    24.0000022162   -18.7541280239    -189.1711959417     -0.1070999823    0.19  
   3     0.0077206592      -0.1176554918    24.0000020192   -18.7997021921    -189.2888514335     -0.1093596478    0.20  
   4     0.0038748691      -0.0004958643    24.0000020235   -18.8065143994    -189.2893472978     -0.1100654255    0.20  
   5     0.0027562040      -0.0000813925    24.0000020260   -18.8059282180    -189.2894286902     -0.1102717194    0.20  
   6     0.0019607054      -0.0000501699    24.0000020274   -18.8068362706    -189.2894788602     -0.1104615798    0.19  
   7     0.0012409364      -0.0000298132    24.0000020293   -18.8074014836    -189.2895086734     -0.1106297734    0.19  
   8     0.0002993159      -0.0000183620    24.0000020310   -18.8080408559    -189.2895270353     -0.1108504062    0.19  
   9     0.0000184461      -0.0000010226    24.0000020317   -18.8082710203    -189.2895280580     -0.1109181209    0.19  
  10     0.0000016643      +0.0000001220    24.0000020317   -18.8082822707    -189.2895279360     -0.1109225077    0.19  
  11     0.0000003417      -0.0000000160    24.0000020316   -18.8082844344    -189.2895279520     -0.1109229258    0.18  
-------------------------------------------------------------------------------------------------------------------------
FINAL ENERGY: -189.2895279520 a.u.
DFTD Dispersion Correction: -0.0023682292 a.u.
C-PCM contribution to final energy:-0.1109229258 a.u. ( already included in final energy )
Computing C-PCM contribution to gradient...
CENTER OF MASS: {1.994710, 1.406634, -3.041100} ANGS
DIPOLE MOMENT: {-0.118217, 1.123597, 0.745299} (|D| = 1.353483) DEBYE
SPIN SZ:         0.000000
SPIN S-SQUARED: 0.000000 (exact: 0.00)
GPU Memory: 8197 Mb
GPU Memory: 8197 Mb
GPU Memory: 8197 Mb
GPU Memory: 8197 Mb
GPU Memory: 8197 Mb
GPU Memory: 8197 Mb
GPU Memory: 8197 Mb
GPU Memory: 8197 Mb
-=#=-    Now Returning to Optimizer   -=#=-

Running Mulliken population analysis...

-=#=-  Checking Convergence Criteria  -=#=-
-=#     Cycle       Energy          Delta-E   Gradient-RMS   Gradient-Max   Displace-RMS   Displace-Max
-=#                        Crit:  1.000e-07      3.000e-05      4.500e-05      1.200e-04      1.800e-04 
-=#   ---------------------------------------------------------------------------------------------------
-=#@      6    -189.2895279520   -2.176e-06 N    2.493e-05 Y    2.819e-05 Y    1.003e-03 N    1.723e-03 N
-=#  Adjusting Trust Radius
-=#  Step Quality:   1.0138 (Good)
-=#  Increasing trust radius 2.1316e-03 -> 3.0145e-03
-=#  Updating Hessian with BFGS
-=#  Hessian Eigenvalues:  8.5414e-01  8.1844e-01  5.3788e-01 ...  5.0000e-02  4.9999e-02  4.8176e-02
-=#=-----------------------------------=#=-
-=#=-      Optimization Cycle     7   -=#=-
-=#=-----------------------------------=#=-
-=#  Finding Optimization Step, Current Trust Radius: 3.0145e-03
-=#  Cartesian Step Size: 2.9476e-05, Expected Delta-E: -2.4931e-08
-=#=-   Getting Energy and Gradient   -=#=-
-=#=-      (We'll Be Right Back)      -=#=-
DFTD Energy:    -0.0023682 hartree
Setting up the DFT grid...
time to set the grid = 0.00 s
DFT grid points: 49033 (12258 points/atom)
=COSMO= Number of H atoms in QM atoms:1
=COSMO= Number of Heavy atoms in QM atoms:3
=COSMO= size of A matrix:773768 bytes
=COSMO= Total surface area of cavity: 74.6099(Angstrom^2)
=COSMO= Total volume of cavity: 45.6094 (Angstrom^3)
Nuclear Repulsion Energy = 62.3403516549

                      *** Start SCF Iterations ***

 Iter     DIIS Error       Energy change      Electrons        XC Energy           Energy              E_PCM      Time(s)
-------------------------------------------------------------------------------------------------------------------------
         >>> Purifying Palpha... IDMP = 1.58e-04 <<<
         >>> Purifying Palpha... IDMP = 4.87e-08 <<<
         >>> Purifying Palpha... IDMP = 1.75e-14 <<<
         >>> Purifying Pbeta ... IDMP = 1.58e-04 <<<
         >>> Purifying Pbeta ... IDMP = 4.87e-08 <<<
         >>> Purifying Pbeta ... IDMP = 1.79e-14 <<<
THRESPDP set to 1.55e-04
Rotate HOMO and LUMO by 45.000000 degrees
   1     0.0075871853    -189.2860586487    24.0000020310   -18.8082854584    -189.2860586487     -0.1074537481    0.22  
   2     0.0652815531      +0.1148675038    24.0000022141   -18.7541302050    -189.1711911448     -0.1071000034    0.20  
   3     0.0077536861      -0.1176600691    24.0000020184   -18.7996964884    -189.2888512139     -0.1093591573    0.20  
   4     0.0039037183      -0.0004950882    24.0000020229   -18.8064921282    -189.2893463021     -0.1100627655    0.20  
   5     0.0028069896      -0.0000800906    24.0000020254   -18.8059273225    -189.2894263928     -0.1102642109    0.20  
   6     0.0021729550      -0.0000418423    24.0000020265   -18.8066399122    -189.2894682351     -0.1104141775    0.19  
   7     0.0018796218      -0.0000153880    24.0000020271   -18.8068763208    -189.2894836231     -0.1104819962    0.19  
   8     0.0013044420      -0.0000227176    24.0000020284   -18.8073000044    -189.2895063408     -0.1106141282    0.20  
   9     0.0004495567      -0.0000194173    24.0000020302   -18.8079462250    -189.2895257580     -0.1108162042    0.19  
  10     0.0000653341      -0.0000023375    24.0000020310   -18.8082357051    -189.2895280955     -0.1109069850    0.20  
  11     0.0000089340      +0.0000000744    24.0000020311   -18.8082786830    -189.2895280212     -0.1109204776    0.19  
  12     0.0000002507      +0.0000000170    24.0000020310   -18.8082850416    -189.2895280042     -0.1109226713    0.19  
-------------------------------------------------------------------------------------------------------------------------
FINAL ENERGY: -189.2895280042 a.u.
DFTD Dispersion Correction: -0.0023682301 a.u.
C-PCM contribution to final energy:-0.1109226713 a.u. ( already included in final energy )
Computing C-PCM contribution to gradient...
CENTER OF MASS: {1.994873, 1.406612, -3.041050} ANGS
DIPOLE MOMENT: {-0.118914, 1.123656, 0.744933} (|D| = 1.353391) DEBYE
SPIN SZ:         0.000000
SPIN S-SQUARED: 0.000000 (exact: 0.00)
GPU Memory: 8197 Mb
GPU Memory: 8197 Mb
GPU Memory: 8197 Mb
GPU Memory: 8197 Mb
GPU Memory: 8197 Mb
GPU Memory: 8197 Mb
GPU Memory: 8197 Mb
GPU Memory: 8197 Mb
-=#=-    Now Returning to Optimizer   -=#=-

Running Mulliken population analysis...

-=#=-  Checking Convergence Criteria  -=#=-
-=#     Cycle       Energy          Delta-E   Gradient-RMS   Gradient-Max   Displace-RMS   Displace-Max
-=#                        Crit:  1.000e-07      3.000e-05      4.500e-05      1.200e-04      1.800e-04 
-=#   ---------------------------------------------------------------------------------------------------
-=#@      7    -189.2895280042   -5.217e-08 Y    1.827e-05 Y    2.845e-05 Y    2.948e-05 Y    3.628e-05 Y
-=#=-----------------------------------=#=-
-=#=-     Optimization Converged.     -=#=-
-=#=-----------------------------------=#=-
Total processing time: 20.25 sec 

 Job finished: Thu Sep  3 06:16:23 2020

